Command line invocation:
    /Applications/Xcode.app/Contents/Developer/usr/bin/xcodebuild -project SilentStore.xcodeproj -scheme SilentStore -destination generic/platform=iOS clean build

2026-02-09 13:44:03.499 xcodebuild[21795:2970155] [MT] IDERunDestination: Supported platforms for the buildables in the current scheme is empty.
CreateBuildRequest

SendProjectDescription

CreateBuildOperation

** CLEAN SUCCEEDED **

ComputePackagePrebuildTargetDependencyGraph

Prepare packages

CreateBuildRequest

SendProjectDescription

CreateBuildOperation

ComputeTargetDependencyGraph
note: Building targets in dependency order
note: Target dependency graph (1 target)
    Target 'SilentStore' in project 'SilentStore' (no dependencies)

GatherProvisioningInputs

CreateBuildDescription

ExecuteExternalTool /Applications/Xcode.app/Contents/Developer/Toolchains/XcodeDefault.xctoolchain/usr/bin/clang -v -E -dM -isysroot /Applications/Xcode.app/Contents/Developer/Platforms/iPhoneOS.platform/Developer/SDKs/iPhoneOS26.2.sdk -x c -c /dev/null

ExecuteExternalTool /Applications/Xcode.app/Contents/Developer/usr/bin/momc --dry-run --action generate --swift-version 5.0 --sdkroot /Applications/Xcode.app/Contents/Developer/Platforms/iPhoneOS.platform/Developer/SDKs/iPhoneOS26.2.sdk --iphoneos-deployment-target 26.2 --module SilentStore /Users/moqsb/Desktop/SilentStore/SilentStore/SilentStore.xcdatamodeld /Users/moqsb/Library/Developer/Xcode/DerivedData/SilentStore-dpxzqfcmjtjrknalviupavyqksnp/Build/Intermediates.noindex/SilentStore.build/Debug-iphoneos/SilentStore.build/DerivedSources/CoreDataGenerated/SilentStore

ExecuteExternalTool /Applications/Xcode.app/Contents/Developer/usr/bin/actool --print-asset-tag-combinations --output-format xml1 /Users/moqsb/Desktop/SilentStore/SilentStore/Assets.xcassets

ExecuteExternalTool /Applications/Xcode.app/Contents/Developer/usr/bin/actool --version --output-format xml1

ExecuteExternalTool /Applications/Xcode.app/Contents/Developer/Toolchains/XcodeDefault.xctoolchain/usr/bin/swiftc --version

ExecuteExternalTool /Applications/Xcode.app/Contents/Developer/Toolchains/XcodeDefault.xctoolchain/usr/bin/ld -version_details

Build description signature: 0ae630bf119151fa84fcadca83eab3fa
Build description path: /Users/moqsb/Library/Developer/Xcode/DerivedData/SilentStore-dpxzqfcmjtjrknalviupavyqksnp/Build/Intermediates.noindex/XCBuildData/0ae630bf119151fa84fcadca83eab3fa.xcbuilddata
ClangStatCache /Applications/Xcode.app/Contents/Developer/Toolchains/XcodeDefault.xctoolchain/usr/bin/clang-stat-cache /Applications/Xcode.app/Contents/Developer/Platforms/iPhoneOS.platform/Developer/SDKs/iPhoneOS26.2.sdk /Users/moqsb/Library/Developer/Xcode/DerivedData/SDKStatCaches.noindex/iphoneos26.2-23C53-3794476bd08197c3e2abd9bb477ef7f7.sdkstatcache
    cd /Users/moqsb/Desktop/SilentStore/SilentStore.xcodeproj
    /Applications/Xcode.app/Contents/Developer/Toolchains/XcodeDefault.xctoolchain/usr/bin/clang-stat-cache /Applications/Xcode.app/Contents/Developer/Platforms/iPhoneOS.platform/Developer/SDKs/iPhoneOS26.2.sdk -o /Users/moqsb/Library/Developer/Xcode/DerivedData/SDKStatCaches.noindex/iphoneos26.2-23C53-3794476bd08197c3e2abd9bb477ef7f7.sdkstatcache

CreateBuildDirectory /Users/moqsb/Library/Developer/Xcode/DerivedData/SilentStore-dpxzqfcmjtjrknalviupavyqksnp/Build/Products
    cd /Users/moqsb/Desktop/SilentStore/SilentStore.xcodeproj
    builtin-create-build-directory /Users/moqsb/Library/Developer/Xcode/DerivedData/SilentStore-dpxzqfcmjtjrknalviupavyqksnp/Build/Products

CreateBuildDirectory /Users/moqsb/Library/Developer/Xcode/DerivedData/SilentStore-dpxzqfcmjtjrknalviupavyqksnp/Build/Intermediates.noindex
    cd /Users/moqsb/Desktop/SilentStore/SilentStore.xcodeproj
    builtin-create-build-directory /Users/moqsb/Library/Developer/Xcode/DerivedData/SilentStore-dpxzqfcmjtjrknalviupavyqksnp/Build/Intermediates.noindex

CreateBuildDirectory /Users/moqsb/Library/Developer/Xcode/DerivedData/SilentStore-dpxzqfcmjtjrknalviupavyqksnp/Build/Intermediates.noindex/SwiftExplicitPrecompiledModules
    cd /Users/moqsb/Desktop/SilentStore/SilentStore.xcodeproj
    builtin-create-build-directory /Users/moqsb/Library/Developer/Xcode/DerivedData/SilentStore-dpxzqfcmjtjrknalviupavyqksnp/Build/Intermediates.noindex/SwiftExplicitPrecompiledModules

CreateBuildDirectory /Users/moqsb/Library/Developer/Xcode/DerivedData/SilentStore-dpxzqfcmjtjrknalviupavyqksnp/Build/Intermediates.noindex/ExplicitPrecompiledModules
    cd /Users/moqsb/Desktop/SilentStore/SilentStore.xcodeproj
    builtin-create-build-directory /Users/moqsb/Library/Developer/Xcode/DerivedData/SilentStore-dpxzqfcmjtjrknalviupavyqksnp/Build/Intermediates.noindex/ExplicitPrecompiledModules

WriteAuxiliaryFile /Users/moqsb/Library/Developer/Xcode/DerivedData/SilentStore-dpxzqfcmjtjrknalviupavyqksnp/Build/Intermediates.noindex/SilentStore.build/Debug-iphoneos/SilentStore-bbf01c8cce071fd8ec8636fd8eacd0f7-VFS-iphoneos/all-product-headers.yaml
    cd /Users/moqsb/Desktop/SilentStore/SilentStore.xcodeproj
    write-file /Users/moqsb/Library/Developer/Xcode/DerivedData/SilentStore-dpxzqfcmjtjrknalviupavyqksnp/Build/Intermediates.noindex/SilentStore.build/Debug-iphoneos/SilentStore-bbf01c8cce071fd8ec8636fd8eacd0f7-VFS-iphoneos/all-product-headers.yaml

CreateBuildDirectory /Users/moqsb/Library/Developer/Xcode/DerivedData/SilentStore-dpxzqfcmjtjrknalviupavyqksnp/Build/Intermediates.noindex/EagerLinkingTBDs/Debug-iphoneos
    cd /Users/moqsb/Desktop/SilentStore/SilentStore.xcodeproj
    builtin-create-build-directory /Users/moqsb/Library/Developer/Xcode/DerivedData/SilentStore-dpxzqfcmjtjrknalviupavyqksnp/Build/Intermediates.noindex/EagerLinkingTBDs/Debug-iphoneos

CreateBuildDirectory /Users/moqsb/Library/Developer/Xcode/DerivedData/SilentStore-dpxzqfcmjtjrknalviupavyqksnp/Build/Products/Debug-iphoneos
    cd /Users/moqsb/Desktop/SilentStore/SilentStore.xcodeproj
    builtin-create-build-directory /Users/moqsb/Library/Developer/Xcode/DerivedData/SilentStore-dpxzqfcmjtjrknalviupavyqksnp/Build/Products/Debug-iphoneos

WriteAuxiliaryFile /Users/moqsb/Library/Developer/Xcode/DerivedData/SilentStore-dpxzqfcmjtjrknalviupavyqksnp/Build/Intermediates.noindex/SilentStore.build/Debug-iphoneos/SilentStore.build/SilentStore-project-headers.hmap (in target 'SilentStore' from project 'SilentStore')
    cd /Users/moqsb/Desktop/SilentStore
    write-file /Users/moqsb/Library/Developer/Xcode/DerivedData/SilentStore-dpxzqfcmjtjrknalviupavyqksnp/Build/Intermediates.noindex/SilentStore.build/Debug-iphoneos/SilentStore.build/SilentStore-project-headers.hmap

WriteAuxiliaryFile /Users/moqsb/Library/Developer/Xcode/DerivedData/SilentStore-dpxzqfcmjtjrknalviupavyqksnp/Build/Intermediates.noindex/SilentStore.build/Debug-iphoneos/SilentStore.build/SilentStore-own-target-headers.hmap (in target 'SilentStore' from project 'SilentStore')
    cd /Users/moqsb/Desktop/SilentStore
    write-file /Users/moqsb/Library/Developer/Xcode/DerivedData/SilentStore-dpxzqfcmjtjrknalviupavyqksnp/Build/Intermediates.noindex/SilentStore.build/Debug-iphoneos/SilentStore.build/SilentStore-own-target-headers.hmap

WriteAuxiliaryFile /Users/moqsb/Library/Developer/Xcode/DerivedData/SilentStore-dpxzqfcmjtjrknalviupavyqksnp/Build/Intermediates.noindex/SilentStore.build/Debug-iphoneos/SilentStore.build/SilentStore.DependencyStaticMetadataFileList (in target 'SilentStore' from project 'SilentStore')
    cd /Users/moqsb/Desktop/SilentStore
    write-file /Users/moqsb/Library/Developer/Xcode/DerivedData/SilentStore-dpxzqfcmjtjrknalviupavyqksnp/Build/Intermediates.noindex/SilentStore.build/Debug-iphoneos/SilentStore.build/SilentStore.DependencyStaticMetadataFileList

WriteAuxiliaryFile /Users/moqsb/Library/Developer/Xcode/DerivedData/SilentStore-dpxzqfcmjtjrknalviupavyqksnp/Build/Intermediates.noindex/SilentStore.build/Debug-iphoneos/SilentStore.build/SilentStore-generated-files.hmap (in target 'SilentStore' from project 'SilentStore')
    cd /Users/moqsb/Desktop/SilentStore
    write-file /Users/moqsb/Library/Developer/Xcode/DerivedData/SilentStore-dpxzqfcmjtjrknalviupavyqksnp/Build/Intermediates.noindex/SilentStore.build/Debug-iphoneos/SilentStore.build/SilentStore-generated-files.hmap

WriteAuxiliaryFile /Users/moqsb/Library/Developer/Xcode/DerivedData/SilentStore-dpxzqfcmjtjrknalviupavyqksnp/Build/Intermediates.noindex/SilentStore.build/Debug-iphoneos/SilentStore.build/SilentStore-all-target-headers.hmap (in target 'SilentStore' from project 'SilentStore')
    cd /Users/moqsb/Desktop/SilentStore
    write-file /Users/moqsb/Library/Developer/Xcode/DerivedData/SilentStore-dpxzqfcmjtjrknalviupavyqksnp/Build/Intermediates.noindex/SilentStore.build/Debug-iphoneos/SilentStore.build/SilentStore-all-target-headers.hmap

WriteAuxiliaryFile /Users/moqsb/Library/Developer/Xcode/DerivedData/SilentStore-dpxzqfcmjtjrknalviupavyqksnp/Build/Intermediates.noindex/SilentStore.build/Debug-iphoneos/SilentStore.build/SilentStore.hmap (in target 'SilentStore' from project 'SilentStore')
    cd /Users/moqsb/Desktop/SilentStore
    write-file /Users/moqsb/Library/Developer/Xcode/DerivedData/SilentStore-dpxzqfcmjtjrknalviupavyqksnp/Build/Intermediates.noindex/SilentStore.build/Debug-iphoneos/SilentStore.build/SilentStore.hmap

WriteAuxiliaryFile /Users/moqsb/Library/Developer/Xcode/DerivedData/SilentStore-dpxzqfcmjtjrknalviupavyqksnp/Build/Intermediates.noindex/SilentStore.build/Debug-iphoneos/SilentStore.build/SilentStore.DependencyMetadataFileList (in target 'SilentStore' from project 'SilentStore')
    cd /Users/moqsb/Desktop/SilentStore
    write-file /Users/moqsb/Library/Developer/Xcode/DerivedData/SilentStore-dpxzqfcmjtjrknalviupavyqksnp/Build/Intermediates.noindex/SilentStore.build/Debug-iphoneos/SilentStore.build/SilentStore.DependencyMetadataFileList

WriteAuxiliaryFile /Users/moqsb/Library/Developer/Xcode/DerivedData/SilentStore-dpxzqfcmjtjrknalviupavyqksnp/Build/Intermediates.noindex/SilentStore.build/Debug-iphoneos/SilentStore.build/SilentStore-all-non-framework-target-headers.hmap (in target 'SilentStore' from project 'SilentStore')
    cd /Users/moqsb/Desktop/SilentStore
    write-file /Users/moqsb/Library/Developer/Xcode/DerivedData/SilentStore-dpxzqfcmjtjrknalviupavyqksnp/Build/Intermediates.noindex/SilentStore.build/Debug-iphoneos/SilentStore.build/SilentStore-all-non-framework-target-headers.hmap

WriteAuxiliaryFile /Users/moqsb/Library/Developer/Xcode/DerivedData/SilentStore-dpxzqfcmjtjrknalviupavyqksnp/Build/Intermediates.noindex/SilentStore.build/Debug-iphoneos/SilentStore.build/SilentStore-DebugDylibPath-normal-arm64.txt (in target 'SilentStore' from project 'SilentStore')
    cd /Users/moqsb/Desktop/SilentStore
    write-file /Users/moqsb/Library/Developer/Xcode/DerivedData/SilentStore-dpxzqfcmjtjrknalviupavyqksnp/Build/Intermediates.noindex/SilentStore.build/Debug-iphoneos/SilentStore.build/SilentStore-DebugDylibPath-normal-arm64.txt

WriteAuxiliaryFile /Users/moqsb/Library/Developer/Xcode/DerivedData/SilentStore-dpxzqfcmjtjrknalviupavyqksnp/Build/Intermediates.noindex/SilentStore.build/Debug-iphoneos/SilentStore.build/SilentStore-DebugDylibInstallName-normal-arm64.txt (in target 'SilentStore' from project 'SilentStore')
    cd /Users/moqsb/Desktop/SilentStore
    write-file /Users/moqsb/Library/Developer/Xcode/DerivedData/SilentStore-dpxzqfcmjtjrknalviupavyqksnp/Build/Intermediates.noindex/SilentStore.build/Debug-iphoneos/SilentStore.build/SilentStore-DebugDylibInstallName-normal-arm64.txt

WriteAuxiliaryFile /Users/moqsb/Library/Developer/Xcode/DerivedData/SilentStore-dpxzqfcmjtjrknalviupavyqksnp/Build/Intermediates.noindex/SilentStore.build/Debug-iphoneos/SilentStore.build/Objects-normal/arm64/SilentStore.SwiftFileList (in target 'SilentStore' from project 'SilentStore')
    cd /Users/moqsb/Desktop/SilentStore
    write-file /Users/moqsb/Library/Developer/Xcode/DerivedData/SilentStore-dpxzqfcmjtjrknalviupavyqksnp/Build/Intermediates.noindex/SilentStore.build/Debug-iphoneos/SilentStore.build/Objects-normal/arm64/SilentStore.SwiftFileList

WriteAuxiliaryFile /Users/moqsb/Library/Developer/Xcode/DerivedData/SilentStore-dpxzqfcmjtjrknalviupavyqksnp/Build/Intermediates.noindex/SilentStore.build/Debug-iphoneos/SilentStore.build/Objects-normal/arm64/SilentStore_const_extract_protocols.json (in target 'SilentStore' from project 'SilentStore')
    cd /Users/moqsb/Desktop/SilentStore
    write-file /Users/moqsb/Library/Developer/Xcode/DerivedData/SilentStore-dpxzqfcmjtjrknalviupavyqksnp/Build/Intermediates.noindex/SilentStore.build/Debug-iphoneos/SilentStore.build/Objects-normal/arm64/SilentStore_const_extract_protocols.json

WriteAuxiliaryFile /Users/moqsb/Library/Developer/Xcode/DerivedData/SilentStore-dpxzqfcmjtjrknalviupavyqksnp/Build/Intermediates.noindex/SilentStore.build/Debug-iphoneos/SilentStore.build/Objects-normal/arm64/SilentStore.SwiftConstValuesFileList (in target 'SilentStore' from project 'SilentStore')
    cd /Users/moqsb/Desktop/SilentStore
    write-file /Users/moqsb/Library/Developer/Xcode/DerivedData/SilentStore-dpxzqfcmjtjrknalviupavyqksnp/Build/Intermediates.noindex/SilentStore.build/Debug-iphoneos/SilentStore.build/Objects-normal/arm64/SilentStore.SwiftConstValuesFileList

WriteAuxiliaryFile /Users/moqsb/Library/Developer/Xcode/DerivedData/SilentStore-dpxzqfcmjtjrknalviupavyqksnp/Build/Intermediates.noindex/SilentStore.build/Debug-iphoneos/SilentStore.build/Objects-normal/arm64/SilentStore.LinkFileList (in target 'SilentStore' from project 'SilentStore')
    cd /Users/moqsb/Desktop/SilentStore
    write-file /Users/moqsb/Library/Developer/Xcode/DerivedData/SilentStore-dpxzqfcmjtjrknalviupavyqksnp/Build/Intermediates.noindex/SilentStore.build/Debug-iphoneos/SilentStore.build/Objects-normal/arm64/SilentStore.LinkFileList

WriteAuxiliaryFile /Users/moqsb/Library/Developer/Xcode/DerivedData/SilentStore-dpxzqfcmjtjrknalviupavyqksnp/Build/Intermediates.noindex/SilentStore.build/Debug-iphoneos/SilentStore.build/Objects-normal/arm64/SilentStore-OutputFileMap.json (in target 'SilentStore' from project 'SilentStore')
    cd /Users/moqsb/Desktop/SilentStore
    write-file /Users/moqsb/Library/Developer/Xcode/DerivedData/SilentStore-dpxzqfcmjtjrknalviupavyqksnp/Build/Intermediates.noindex/SilentStore.build/Debug-iphoneos/SilentStore.build/Objects-normal/arm64/SilentStore-OutputFileMap.json

MkDir /Users/moqsb/Library/Developer/Xcode/DerivedData/SilentStore-dpxzqfcmjtjrknalviupavyqksnp/Build/Products/Debug-iphoneos/SilentStore.app (in target 'SilentStore' from project 'SilentStore')
    cd /Users/moqsb/Desktop/SilentStore
    /bin/mkdir -p /Users/moqsb/Library/Developer/Xcode/DerivedData/SilentStore-dpxzqfcmjtjrknalviupavyqksnp/Build/Products/Debug-iphoneos/SilentStore.app

WriteAuxiliaryFile /Users/moqsb/Library/Developer/Xcode/DerivedData/SilentStore-dpxzqfcmjtjrknalviupavyqksnp/Build/Intermediates.noindex/SilentStore.build/Debug-iphoneos/SilentStore.build/DerivedSources/Entitlements.plist (in target 'SilentStore' from project 'SilentStore')
    cd /Users/moqsb/Desktop/SilentStore
    write-file /Users/moqsb/Library/Developer/Xcode/DerivedData/SilentStore-dpxzqfcmjtjrknalviupavyqksnp/Build/Intermediates.noindex/SilentStore.build/Debug-iphoneos/SilentStore.build/DerivedSources/Entitlements.plist

ProcessProductPackaging /Users/moqsb/Library/Developer/Xcode/UserData/Provisioning\ Profiles/32b9b7ed-5198-4938-9c06-6ef2634db636.mobileprovision /Users/moqsb/Library/Developer/Xcode/DerivedData/SilentStore-dpxzqfcmjtjrknalviupavyqksnp/Build/Products/Debug-iphoneos/SilentStore.app/embedded.mobileprovision (in target 'SilentStore' from project 'SilentStore')
    cd /Users/moqsb/Desktop/SilentStore
    builtin-productPackagingUtility /Users/moqsb/Library/Developer/Xcode/UserData/Provisioning\ Profiles/32b9b7ed-5198-4938-9c06-6ef2634db636.mobileprovision -o /Users/moqsb/Library/Developer/Xcode/DerivedData/SilentStore-dpxzqfcmjtjrknalviupavyqksnp/Build/Products/Debug-iphoneos/SilentStore.app/embedded.mobileprovision

ProcessProductPackaging "" /Users/moqsb/Library/Developer/Xcode/DerivedData/SilentStore-dpxzqfcmjtjrknalviupavyqksnp/Build/Intermediates.noindex/SilentStore.build/Debug-iphoneos/SilentStore.build/SilentStore.app.xcent (in target 'SilentStore' from project 'SilentStore')
    cd /Users/moqsb/Desktop/SilentStore
    
    Entitlements:
    
    {
    "application-identifier" = "9JA95F4442.com.sa.SilentStore";
    "com.apple.developer.team-identifier" = 9JA95F4442;
    "get-task-allow" = 1;
}
    
    builtin-productPackagingUtility -entitlements -format xml -o /Users/moqsb/Library/Developer/Xcode/DerivedData/SilentStore-dpxzqfcmjtjrknalviupavyqksnp/Build/Intermediates.noindex/SilentStore.build/Debug-iphoneos/SilentStore.build/SilentStore.app.xcent

ProcessProductPackagingDER /Users/moqsb/Library/Developer/Xcode/DerivedData/SilentStore-dpxzqfcmjtjrknalviupavyqksnp/Build/Intermediates.noindex/SilentStore.build/Debug-iphoneos/SilentStore.build/SilentStore.app.xcent /Users/moqsb/Library/Developer/Xcode/DerivedData/SilentStore-dpxzqfcmjtjrknalviupavyqksnp/Build/Intermediates.noindex/SilentStore.build/Debug-iphoneos/SilentStore.build/SilentStore.app.xcent.der (in target 'SilentStore' from project 'SilentStore')
    cd /Users/moqsb/Desktop/SilentStore
    /usr/bin/derq query -f xml -i /Users/moqsb/Library/Developer/Xcode/DerivedData/SilentStore-dpxzqfcmjtjrknalviupavyqksnp/Build/Intermediates.noindex/SilentStore.build/Debug-iphoneos/SilentStore.build/SilentStore.app.xcent -o /Users/moqsb/Library/Developer/Xcode/DerivedData/SilentStore-dpxzqfcmjtjrknalviupavyqksnp/Build/Intermediates.noindex/SilentStore.build/Debug-iphoneos/SilentStore.build/SilentStore.app.xcent.der --raw

Ld /Users/moqsb/Library/Developer/Xcode/DerivedData/SilentStore-dpxzqfcmjtjrknalviupavyqksnp/Build/Products/Debug-iphoneos/SilentStore.app/__preview.dylib normal (in target 'SilentStore' from project 'SilentStore')
    cd /Users/moqsb/Desktop/SilentStore
    /Applications/Xcode.app/Contents/Developer/Toolchains/XcodeDefault.xctoolchain/usr/bin/clang -Xlinker -reproducible -target arm64-apple-ios26.2 -dynamiclib -isysroot /Applications/Xcode.app/Contents/Developer/Platforms/iPhoneOS.platform/Developer/SDKs/iPhoneOS26.2.sdk -O0 -L/Users/moqsb/Library/Developer/Xcode/DerivedData/SilentStore-dpxzqfcmjtjrknalviupavyqksnp/Build/Products/Debug-iphoneos -F/Users/moqsb/Library/Developer/Xcode/DerivedData/SilentStore-dpxzqfcmjtjrknalviupavyqksnp/Build/Products/Debug-iphoneos -install_name @rpath/SilentStore.debug.dylib -dead_strip -rdynamic -Xlinker -no_deduplicate -Xlinker -dependency_info -Xlinker /Users/moqsb/Library/Developer/Xcode/DerivedData/SilentStore-dpxzqfcmjtjrknalviupavyqksnp/Build/Intermediates.noindex/SilentStore.build/Debug-iphoneos/SilentStore.build/Objects-normal/arm64/SilentStore_dependency_info.dat -Xlinker -no_adhoc_codesign -o /Users/moqsb/Library/Developer/Xcode/DerivedData/SilentStore-dpxzqfcmjtjrknalviupavyqksnp/Build/Products/Debug-iphoneos/SilentStore.app/__preview.dylib

MkDir /Users/moqsb/Library/Developer/Xcode/DerivedData/SilentStore-dpxzqfcmjtjrknalviupavyqksnp/Build/Intermediates.noindex/SilentStore.build/Debug-iphoneos/SilentStore.build/assetcatalog_output/unthinned (in target 'SilentStore' from project 'SilentStore')
    cd /Users/moqsb/Desktop/SilentStore
    /bin/mkdir -p /Users/moqsb/Library/Developer/Xcode/DerivedData/SilentStore-dpxzqfcmjtjrknalviupavyqksnp/Build/Intermediates.noindex/SilentStore.build/Debug-iphoneos/SilentStore.build/assetcatalog_output/unthinned

MkDir /Users/moqsb/Library/Developer/Xcode/DerivedData/SilentStore-dpxzqfcmjtjrknalviupavyqksnp/Build/Intermediates.noindex/SilentStore.build/Debug-iphoneos/SilentStore.build/assetcatalog_output/thinned (in target 'SilentStore' from project 'SilentStore')
    cd /Users/moqsb/Desktop/SilentStore
    /bin/mkdir -p /Users/moqsb/Library/Developer/Xcode/DerivedData/SilentStore-dpxzqfcmjtjrknalviupavyqksnp/Build/Intermediates.noindex/SilentStore.build/Debug-iphoneos/SilentStore.build/assetcatalog_output/thinned

DataModelCompile /Users/moqsb/Library/Developer/Xcode/DerivedData/SilentStore-dpxzqfcmjtjrknalviupavyqksnp/Build/Products/Debug-iphoneos/SilentStore.app/ /Users/moqsb/Desktop/SilentStore/SilentStore/SilentStore.xcdatamodeld (in target 'SilentStore' from project 'SilentStore')
    cd /Users/moqsb/Desktop/SilentStore
    /Applications/Xcode.app/Contents/Developer/usr/bin/momc --sdkroot /Applications/Xcode.app/Contents/Developer/Platforms/iPhoneOS.platform/Developer/SDKs/iPhoneOS26.2.sdk --iphoneos-deployment-target 26.2 --module SilentStore /Users/moqsb/Desktop/SilentStore/SilentStore/SilentStore.xcdatamodeld /Users/moqsb/Library/Developer/Xcode/DerivedData/SilentStore-dpxzqfcmjtjrknalviupavyqksnp/Build/Products/Debug-iphoneos/SilentStore.app/
SilentStore.xcdatamodel: note: Model SilentStore version checksum: hBca4P4tB/Par3kdErb/O5t5Q2Fbiu5uIdh/O2zDbpo=

GenerateAssetSymbols /Users/moqsb/Desktop/SilentStore/SilentStore/Assets.xcassets (in target 'SilentStore' from project 'SilentStore')
    cd /Users/moqsb/Desktop/SilentStore
    /Applications/Xcode.app/Contents/Developer/usr/bin/actool /Users/moqsb/Desktop/SilentStore/SilentStore/Assets.xcassets --compile /Users/moqsb/Library/Developer/Xcode/DerivedData/SilentStore-dpxzqfcmjtjrknalviupavyqksnp/Build/Products/Debug-iphoneos/SilentStore.app --output-format human-readable-text --notices --warnings --export-dependency-info /Users/moqsb/Library/Developer/Xcode/DerivedData/SilentStore-dpxzqfcmjtjrknalviupavyqksnp/Build/Intermediates.noindex/SilentStore.build/Debug-iphoneos/SilentStore.build/assetcatalog_dependencies --output-partial-info-plist /Users/moqsb/Library/Developer/Xcode/DerivedData/SilentStore-dpxzqfcmjtjrknalviupavyqksnp/Build/Intermediates.noindex/SilentStore.build/Debug-iphoneos/SilentStore.build/assetcatalog_generated_info.plist --app-icon AppIcon --accent-color AccentColor --compress-pngs --enable-on-demand-resources YES --development-region en --target-device iphone --minimum-deployment-target 26.2 --platform iphoneos --bundle-identifier com.sa.SilentStore --generate-swift-asset-symbols /Users/moqsb/Library/Developer/Xcode/DerivedData/SilentStore-dpxzqfcmjtjrknalviupavyqksnp/Build/Intermediates.noindex/SilentStore.build/Debug-iphoneos/SilentStore.build/DerivedSources/GeneratedAssetSymbols.swift --generate-objc-asset-symbols /Users/moqsb/Library/Developer/Xcode/DerivedData/SilentStore-dpxzqfcmjtjrknalviupavyqksnp/Build/Intermediates.noindex/SilentStore.build/Debug-iphoneos/SilentStore.build/DerivedSources/GeneratedAssetSymbols.h --generate-asset-symbol-index /Users/moqsb/Library/Developer/Xcode/DerivedData/SilentStore-dpxzqfcmjtjrknalviupavyqksnp/Build/Intermediates.noindex/SilentStore.build/Debug-iphoneos/SilentStore.build/DerivedSources/GeneratedAssetSymbols-Index.plist
/* com.apple.actool.compilation-results */
/Users/moqsb/Library/Developer/Xcode/DerivedData/SilentStore-dpxzqfcmjtjrknalviupavyqksnp/Build/Intermediates.noindex/SilentStore.build/Debug-iphoneos/SilentStore.build/DerivedSources/GeneratedAssetSymbols-Index.plist
/Users/moqsb/Library/Developer/Xcode/DerivedData/SilentStore-dpxzqfcmjtjrknalviupavyqksnp/Build/Intermediates.noindex/SilentStore.build/Debug-iphoneos/SilentStore.build/DerivedSources/GeneratedAssetSymbols.h
/Users/moqsb/Library/Developer/Xcode/DerivedData/SilentStore-dpxzqfcmjtjrknalviupavyqksnp/Build/Intermediates.noindex/SilentStore.build/Debug-iphoneos/SilentStore.build/DerivedSources/GeneratedAssetSymbols.swift


DataModelCodegen /Users/moqsb/Desktop/SilentStore/SilentStore/SilentStore.xcdatamodeld (in target 'SilentStore' from project 'SilentStore')
    cd /Users/moqsb/Desktop/SilentStore
    /Applications/Xcode.app/Contents/Developer/usr/bin/momc --action generate --swift-version 5.0 --sdkroot /Applications/Xcode.app/Contents/Developer/Platforms/iPhoneOS.platform/Developer/SDKs/iPhoneOS26.2.sdk --iphoneos-deployment-target 26.2 --module SilentStore /Users/moqsb/Desktop/SilentStore/SilentStore/SilentStore.xcdatamodeld /Users/moqsb/Library/Developer/Xcode/DerivedData/SilentStore-dpxzqfcmjtjrknalviupavyqksnp/Build/Intermediates.noindex/SilentStore.build/Debug-iphoneos/SilentStore.build/DerivedSources/CoreDataGenerated/SilentStore

CpResource /Users/moqsb/Library/Developer/Xcode/DerivedData/SilentStore-dpxzqfcmjtjrknalviupavyqksnp/Build/Products/Debug-iphoneos/SilentStore.app/PRIVACY.txt /Users/moqsb/Desktop/SilentStore/SilentStore/Resources/PRIVACY.txt (in target 'SilentStore' from project 'SilentStore')
    cd /Users/moqsb/Desktop/SilentStore
    builtin-copy -exclude .DS_Store -exclude CVS -exclude .svn -exclude .git -exclude .hg -resolve-src-symlinks /Users/moqsb/Desktop/SilentStore/SilentStore/Resources/PRIVACY.txt /Users/moqsb/Library/Developer/Xcode/DerivedData/SilentStore-dpxzqfcmjtjrknalviupavyqksnp/Build/Products/Debug-iphoneos/SilentStore.app

CopyStringsFile /Users/moqsb/Library/Developer/Xcode/DerivedData/SilentStore-dpxzqfcmjtjrknalviupavyqksnp/Build/Products/Debug-iphoneos/SilentStore.app/en.lproj/Localizable.strings /Users/moqsb/Desktop/SilentStore/SilentStore/en.lproj/Localizable.strings (in target 'SilentStore' from project 'SilentStore')
    cd /Users/moqsb/Desktop/SilentStore
    builtin-copyStrings --validate --outputencoding binary --outfilename Localizable.strings --outdir /Users/moqsb/Library/Developer/Xcode/DerivedData/SilentStore-dpxzqfcmjtjrknalviupavyqksnp/Build/Products/Debug-iphoneos/SilentStore.app/en.lproj -- /Users/moqsb/Desktop/SilentStore/SilentStore/en.lproj/Localizable.strings
/Users/moqsb/Desktop/SilentStore/SilentStore/en.lproj/Localizable.strings:1:1: note: detected encoding of input file as Unicode (UTF-8) (in target 'SilentStore' from project 'SilentStore')

CopyStringsFile /Users/moqsb/Library/Developer/Xcode/DerivedData/SilentStore-dpxzqfcmjtjrknalviupavyqksnp/Build/Products/Debug-iphoneos/SilentStore.app/ar.lproj/Localizable.strings /Users/moqsb/Desktop/SilentStore/SilentStore/ar.lproj/Localizable.strings (in target 'SilentStore' from project 'SilentStore')
    cd /Users/moqsb/Desktop/SilentStore
    builtin-copyStrings --validate --outputencoding binary --outfilename Localizable.strings --outdir /Users/moqsb/Library/Developer/Xcode/DerivedData/SilentStore-dpxzqfcmjtjrknalviupavyqksnp/Build/Products/Debug-iphoneos/SilentStore.app/ar.lproj -- /Users/moqsb/Desktop/SilentStore/SilentStore/ar.lproj/Localizable.strings
/Users/moqsb/Desktop/SilentStore/SilentStore/ar.lproj/Localizable.strings:1:1: note: detected encoding of input file as Unicode (UTF-8) (in target 'SilentStore' from project 'SilentStore')

CompileAssetCatalogVariant thinned /Users/moqsb/Library/Developer/Xcode/DerivedData/SilentStore-dpxzqfcmjtjrknalviupavyqksnp/Build/Products/Debug-iphoneos/SilentStore.app /Users/moqsb/Desktop/SilentStore/SilentStore/Assets.xcassets (in target 'SilentStore' from project 'SilentStore')
    cd /Users/moqsb/Desktop/SilentStore
    /Applications/Xcode.app/Contents/Developer/usr/bin/actool /Users/moqsb/Desktop/SilentStore/SilentStore/Assets.xcassets --compile /Users/moqsb/Library/Developer/Xcode/DerivedData/SilentStore-dpxzqfcmjtjrknalviupavyqksnp/Build/Intermediates.noindex/SilentStore.build/Debug-iphoneos/SilentStore.build/assetcatalog_output/thinned --output-format human-readable-text --notices --warnings --export-dependency-info /Users/moqsb/Library/Developer/Xcode/DerivedData/SilentStore-dpxzqfcmjtjrknalviupavyqksnp/Build/Intermediates.noindex/SilentStore.build/Debug-iphoneos/SilentStore.build/assetcatalog_dependencies_thinned --output-partial-info-plist /Users/moqsb/Library/Developer/Xcode/DerivedData/SilentStore-dpxzqfcmjtjrknalviupavyqksnp/Build/Intermediates.noindex/SilentStore.build/Debug-iphoneos/SilentStore.build/assetcatalog_generated_info.plist_thinned --app-icon AppIcon --accent-color AccentColor --compress-pngs --enable-on-demand-resources YES --development-region en --target-device iphone --minimum-deployment-target 26.2 --platform iphoneos

SwiftDriver SilentStore normal arm64 com.apple.xcode.tools.swift.compiler (in target 'SilentStore' from project 'SilentStore')
    cd /Users/moqsb/Desktop/SilentStore
    builtin-SwiftDriver -- /Applications/Xcode.app/Contents/Developer/Toolchains/XcodeDefault.xctoolchain/usr/bin/swiftc -module-name SilentStore -Onone -enforce-exclusivity\=checked @/Users/moqsb/Library/Developer/Xcode/DerivedData/SilentStore-dpxzqfcmjtjrknalviupavyqksnp/Build/Intermediates.noindex/SilentStore.build/Debug-iphoneos/SilentStore.build/Objects-normal/arm64/SilentStore.SwiftFileList -DDEBUG -default-isolation\=MainActor -enable-bare-slash-regex -enable-upcoming-feature DisableOutwardActorInference -enable-upcoming-feature InferSendableFromCaptures -enable-upcoming-feature GlobalActorIsolatedTypesUsability -enable-upcoming-feature MemberImportVisibility -enable-upcoming-feature InferIsolatedConformances -enable-upcoming-feature NonisolatedNonsendingByDefault -enable-experimental-feature DebugDescriptionMacro -sdk /Applications/Xcode.app/Contents/Developer/Platforms/iPhoneOS.platform/Developer/SDKs/iPhoneOS26.2.sdk -target arm64-apple-ios26.2 -g -module-cache-path /Users/moqsb/Library/Developer/Xcode/DerivedData/ModuleCache.noindex -Xfrontend -serialize-debugging-options -enable-testing -index-store-path /Users/moqsb/Library/Developer/Xcode/DerivedData/SilentStore-dpxzqfcmjtjrknalviupavyqksnp/Index.noindex/DataStore -Xcc -D_LIBCPP_HARDENING_MODE\=_LIBCPP_HARDENING_MODE_DEBUG -swift-version 5 -I /Users/moqsb/Library/Developer/Xcode/DerivedData/SilentStore-dpxzqfcmjtjrknalviupavyqksnp/Build/Products/Debug-iphoneos -F /Users/moqsb/Library/Developer/Xcode/DerivedData/SilentStore-dpxzqfcmjtjrknalviupavyqksnp/Build/Products/Debug-iphoneos -emit-localized-strings -emit-localized-strings-path /Users/moqsb/Library/Developer/Xcode/DerivedData/SilentStore-dpxzqfcmjtjrknalviupavyqksnp/Build/Intermediates.noindex/SilentStore.build/Debug-iphoneos/SilentStore.build/Objects-normal/arm64 -c -j8 -enable-batch-mode -incremental -Xcc -ivfsstatcache -Xcc /Users/moqsb/Library/Developer/Xcode/DerivedData/SDKStatCaches.noindex/iphoneos26.2-23C53-3794476bd08197c3e2abd9bb477ef7f7.sdkstatcache -output-file-map /Users/moqsb/Library/Developer/Xcode/DerivedData/SilentStore-dpxzqfcmjtjrknalviupavyqksnp/Build/Intermediates.noindex/SilentStore.build/Debug-iphoneos/SilentStore.build/Objects-normal/arm64/SilentStore-OutputFileMap.json -use-frontend-parseable-output -save-temps -no-color-diagnostics -explicit-module-build -module-cache-path /Users/moqsb/Library/Developer/Xcode/DerivedData/SilentStore-dpxzqfcmjtjrknalviupavyqksnp/Build/Intermediates.noindex/SwiftExplicitPrecompiledModules -clang-scanner-module-cache-path /Users/moqsb/Library/Developer/Xcode/DerivedData/ModuleCache.noindex -sdk-module-cache-path /Users/moqsb/Library/Developer/Xcode/DerivedData/ModuleCache.noindex -serialize-diagnostics -emit-dependencies -emit-module -emit-module-path /Users/moqsb/Library/Developer/Xcode/DerivedData/SilentStore-dpxzqfcmjtjrknalviupavyqksnp/Build/Intermediates.noindex/SilentStore.build/Debug-iphoneos/SilentStore.build/Objects-normal/arm64/SilentStore.swiftmodule -validate-clang-modules-once -clang-build-session-file /Users/moqsb/Library/Developer/Xcode/DerivedData/ModuleCache.noindex/Session.modulevalidation -Xcc -I/Users/moqsb/Library/Developer/Xcode/DerivedData/SilentStore-dpxzqfcmjtjrknalviupavyqksnp/Build/Intermediates.noindex/SilentStore.build/Debug-iphoneos/SilentStore.build/swift-overrides.hmap -emit-const-values -Xfrontend -const-gather-protocols-file -Xfrontend /Users/moqsb/Library/Developer/Xcode/DerivedData/SilentStore-dpxzqfcmjtjrknalviupavyqksnp/Build/Intermediates.noindex/SilentStore.build/Debug-iphoneos/SilentStore.build/Objects-normal/arm64/SilentStore_const_extract_protocols.json -Xcc -iquote -Xcc /Users/moqsb/Library/Developer/Xcode/DerivedData/SilentStore-dpxzqfcmjtjrknalviupavyqksnp/Build/Intermediates.noindex/SilentStore.build/Debug-iphoneos/SilentStore.build/SilentStore-generated-files.hmap -Xcc -I/Users/moqsb/Library/Developer/Xcode/DerivedData/SilentStore-dpxzqfcmjtjrknalviupavyqksnp/Build/Intermediates.noindex/SilentStore.build/Debug-iphoneos/SilentStore.build/SilentStore-own-target-headers.hmap -Xcc -I/Users/moqsb/Library/Developer/Xcode/DerivedData/SilentStore-dpxzqfcmjtjrknalviupavyqksnp/Build/Intermediates.noindex/SilentStore.build/Debug-iphoneos/SilentStore.build/SilentStore-all-target-headers.hmap -Xcc -iquote -Xcc /Users/moqsb/Library/Developer/Xcode/DerivedData/SilentStore-dpxzqfcmjtjrknalviupavyqksnp/Build/Intermediates.noindex/SilentStore.build/Debug-iphoneos/SilentStore.build/SilentStore-project-headers.hmap -Xcc -I/Users/moqsb/Library/Developer/Xcode/DerivedData/SilentStore-dpxzqfcmjtjrknalviupavyqksnp/Build/Products/Debug-iphoneos/include -Xcc -I/Users/moqsb/Library/Developer/Xcode/DerivedData/SilentStore-dpxzqfcmjtjrknalviupavyqksnp/Build/Intermediates.noindex/SilentStore.build/Debug-iphoneos/SilentStore.build/DerivedSources-normal/arm64 -Xcc -I/Users/moqsb/Library/Developer/Xcode/DerivedData/SilentStore-dpxzqfcmjtjrknalviupavyqksnp/Build/Intermediates.noindex/SilentStore.build/Debug-iphoneos/SilentStore.build/DerivedSources/arm64 -Xcc -I/Users/moqsb/Library/Developer/Xcode/DerivedData/SilentStore-dpxzqfcmjtjrknalviupavyqksnp/Build/Intermediates.noindex/SilentStore.build/Debug-iphoneos/SilentStore.build/DerivedSources -Xcc -DDEBUG\=1 -emit-objc-header -emit-objc-header-path /Users/moqsb/Library/Developer/Xcode/DerivedData/SilentStore-dpxzqfcmjtjrknalviupavyqksnp/Build/Intermediates.noindex/SilentStore.build/Debug-iphoneos/SilentStore.build/Objects-normal/arm64/SilentStore-Swift.h -working-directory /Users/moqsb/Desktop/SilentStore -experimental-emit-module-separately -disable-cmo

SwiftCompile normal arm64 Compiling\ AddMenuView.swift,\ FileInfoSheet.swift,\ FileViewer.swift,\ MainTabView.swift,\ OnboardingView.swift /Users/moqsb/Desktop/SilentStore/SilentStore/Views/AddMenuView.swift /Users/moqsb/Desktop/SilentStore/SilentStore/Views/FileInfoSheet.swift /Users/moqsb/Desktop/SilentStore/SilentStore/Views/FileViewer.swift /Users/moqsb/Desktop/SilentStore/SilentStore/Views/MainTabView.swift /Users/moqsb/Desktop/SilentStore/SilentStore/Views/OnboardingView.swift (in target 'SilentStore' from project 'SilentStore')
Failed frontend command:
/Applications/Xcode.app/Contents/Developer/Toolchains/XcodeDefault.xctoolchain/usr/bin/swift-frontend -frontend -c /Users/moqsb/Desktop/SilentStore/SilentStore/Data/VaultModels.swift /Users/moqsb/Desktop/SilentStore/SilentStore/Data/VaultStore.swift /Users/moqsb/Desktop/SilentStore/SilentStore/Helpers/AppTheme.swift /Users/moqsb/Desktop/SilentStore/SilentStore/Helpers/Crypto.swift /Users/moqsb/Desktop/SilentStore/SilentStore/Helpers/HapticFeedback.swift /Users/moqsb/Desktop/SilentStore/SilentStore/Helpers/KeychainHelper.swift /Users/moqsb/Desktop/SilentStore/SilentStore/Helpers/KeyManager.swift /Users/moqsb/Desktop/SilentStore/SilentStore/Helpers/PickerSheets.swift /Users/moqsb/Desktop/SilentStore/SilentStore/Helpers/SecureEnclaveHelper.swift /Users/moqsb/Desktop/SilentStore/SilentStore/Helpers/ShareSheet.swift /Users/moqsb/Desktop/SilentStore/SilentStore/Managers/AuthManager.swift /Users/moqsb/Desktop/SilentStore/SilentStore/Managers/CoreMLManager.swift /Users/moqsb/Desktop/SilentStore/SilentStore/Managers/ImportManager.swift /Users/moqsb/Desktop/SilentStore/SilentStore/Managers/PermissionsManager.swift /Users/moqsb/Desktop/SilentStore/SilentStore/Managers/ReminderManager.swift -primary-file /Users/moqsb/Desktop/SilentStore/SilentStore/Views/AddMenuView.swift -primary-file /Users/moqsb/Desktop/SilentStore/SilentStore/Views/FileInfoSheet.swift -primary-file /Users/moqsb/Desktop/SilentStore/SilentStore/Views/FileViewer.swift -primary-file /Users/moqsb/Desktop/SilentStore/SilentStore/Views/MainTabView.swift -primary-file /Users/moqsb/Desktop/SilentStore/SilentStore/Views/OnboardingView.swift /Users/moqsb/Desktop/SilentStore/SilentStore/Views/PasscodeEntryView.swift /Users/moqsb/Desktop/SilentStore/SilentStore/Views/PermissionsView.swift /Users/moqsb/Desktop/SilentStore/SilentStore/Views/PrivacyView.swift /Users/moqsb/Desktop/SilentStore/SilentStore/Views/RecentsView.swift /Users/moqsb/Desktop/SilentStore/SilentStore/Views/SettingsView.swift /Users/moqsb/Desktop/SilentStore/SilentStore/Views/StorageDashboard.swift /Users/moqsb/Desktop/SilentStore/SilentStore/Views/VaultHomeView.swift /Users/moqsb/Desktop/SilentStore/SilentStore/Views/VaultThumbnailView.swift /Users/moqsb/Desktop/SilentStore/SilentStore/Views/ZoomableImageView.swift /Users/moqsb/Desktop/SilentStore/SilentStore/ContentView.swift /Users/moqsb/Desktop/SilentStore/SilentStore/Persistence.swift /Users/moqsb/Desktop/SilentStore/SilentStore/SilentStoreApp.swift /Users/moqsb/Library/Developer/Xcode/DerivedData/SilentStore-dpxzqfcmjtjrknalviupavyqksnp/Build/Intermediates.noindex/SilentStore.build/Debug-iphoneos/SilentStore.build/DerivedSources/CoreDataGenerated/SilentStore/VaultEntity+CoreDataClass.swift /Users/moqsb/Library/Developer/Xcode/DerivedData/SilentStore-dpxzqfcmjtjrknalviupavyqksnp/Build/Intermediates.noindex/SilentStore.build/Debug-iphoneos/SilentStore.build/DerivedSources/CoreDataGenerated/SilentStore/VaultEntity+CoreDataProperties.swift /Users/moqsb/Library/Developer/Xcode/DerivedData/SilentStore-dpxzqfcmjtjrknalviupavyqksnp/Build/Intermediates.noindex/SilentStore.build/Debug-iphoneos/SilentStore.build/DerivedSources/CoreDataGenerated/SilentStore/SilentStore+CoreDataModel.swift /Users/moqsb/Library/Developer/Xcode/DerivedData/SilentStore-dpxzqfcmjtjrknalviupavyqksnp/Build/Intermediates.noindex/SilentStore.build/Debug-iphoneos/SilentStore.build/DerivedSources/GeneratedAssetSymbols.swift -supplementary-output-file-map /Users/moqsb/Library/Developer/Xcode/DerivedData/SilentStore-dpxzqfcmjtjrknalviupavyqksnp/Build/Intermediates.noindex/SilentStore.build/Debug-iphoneos/SilentStore.build/Objects-normal/arm64/supplementaryOutputs-4 -emit-localized-strings -emit-localized-strings-path /Users/moqsb/Library/Developer/Xcode/DerivedData/SilentStore-dpxzqfcmjtjrknalviupavyqksnp/Build/Intermediates.noindex/SilentStore.build/Debug-iphoneos/SilentStore.build/Objects-normal/arm64 -target arm64-apple-ios26.2 -module-can-import-version DeveloperToolsSupport 23.0.4 23.0.4 -module-can-import-version SwiftUI 7.2.5.1 7.2.5 -module-can-import-version UIKit 9126.2.4.1 9126.2.4 -disable-cross-import-overlay-search -swift-module-cross-import AVKit /Applications/Xcode.app/Contents/Developer/Platforms/iPhoneOS.platform/Developer/SDKs/iPhoneOS.sdk/System/Library/Frameworks/AVKit.framework/Modules/AVKit.swiftcrossimport/SwiftUI.swiftoverlay -swift-module-cross-import AVKit /Applications/Xcode.app/Contents/Developer/Platforms/iPhoneOS.platform/Developer/SDKs/iPhoneOS26.2.sdk/System/Library/Frameworks/AVKit.framework/Modules/AVKit.swiftcrossimport/SwiftUI.swiftoverlay -swift-module-cross-import CoreData /Applications/Xcode.app/Contents/Developer/Platforms/iPhoneOS.platform/Developer/SDKs/iPhoneOS.sdk/System/Library/Frameworks/CoreData.framework/Modules/CoreData.swiftcrossimport/CloudKit.swiftoverlay -swift-module-cross-import CoreData /Applications/Xcode.app/Contents/Developer/Platforms/iPhoneOS.platform/Developer/SDKs/iPhoneOS26.2.sdk/System/Library/Frameworks/CoreData.framework/Modules/CoreData.swiftcrossimport/CloudKit.swiftoverlay -swift-module-cross-import PhotosUI /Applications/Xcode.app/Contents/Developer/Platforms/iPhoneOS.platform/Developer/SDKs/iPhoneOS.sdk/System/Library/Frameworks/PhotosUI.framework/Modules/PhotosUI.swiftcrossimport/SwiftUI.swiftoverlay -swift-module-cross-import PhotosUI /Applications/Xcode.app/Contents/Developer/Platforms/iPhoneOS.platform/Developer/SDKs/iPhoneOS.sdk/System/Library/Frameworks/PhotosUI.framework/Modules/PhotosUI.swiftcrossimport/WidgetKit.swiftoverlay -swift-module-cross-import PhotosUI /Applications/Xcode.app/Contents/Developer/Platforms/iPhoneOS.platform/Developer/SDKs/iPhoneOS26.2.sdk/System/Library/Frameworks/PhotosUI.framework/Modules/PhotosUI.swiftcrossimport/SwiftUI.swiftoverlay -swift-module-cross-import PhotosUI /Applications/Xcode.app/Contents/Developer/Platforms/iPhoneOS.platform/Developer/SDKs/iPhoneOS26.2.sdk/System/Library/Frameworks/PhotosUI.framework/Modules/PhotosUI.swiftcrossimport/WidgetKit.swiftoverlay -swift-module-cross-import QuickLook /Applications/Xcode.app/Contents/Developer/Platforms/iPhoneOS.platform/Developer/SDKs/iPhoneOS.sdk/System/Library/Frameworks/QuickLook.framework/Modules/QuickLook.swiftcrossimport/SwiftUI.swiftoverlay -swift-module-cross-import QuickLook /Applications/Xcode.app/Contents/Developer/Platforms/iPhoneOS.platform/Developer/SDKs/iPhoneOS26.2.sdk/System/Library/Frameworks/QuickLook.framework/Modules/QuickLook.swiftcrossimport/SwiftUI.swiftoverlay -load-resolved-plugin /Applications/Xcode.app/Contents/Developer/Platforms/iPhoneOS.platform/Developer/usr/lib/swift/host/plugins/libFoundationMacros.dylib\#/Applications/Xcode.app/Contents/Developer/Platforms/iPhoneOS.platform/Developer/usr/bin/swift-plugin-server\#FoundationMacros -load-resolved-plugin /Applications/Xcode.app/Contents/Developer/Platforms/iPhoneOS.platform/Developer/usr/lib/swift/host/plugins/libObservationMacros.dylib\#/Applications/Xcode.app/Contents/Developer/Platforms/iPhoneOS.platform/Developer/usr/bin/swift-plugin-server\#ObservationMacros -load-resolved-plugin /Applications/Xcode.app/Contents/Developer/Platforms/iPhoneOS.platform/Developer/usr/lib/swift/host/plugins/libPreviewsMacros.dylib\#/Applications/Xcode.app/Contents/Developer/Platforms/iPhoneOS.platform/Developer/usr/bin/swift-plugin-server\#PreviewsMacros -load-resolved-plugin /Applications/Xcode.app/Contents/Developer/Platforms/iPhoneOS.platform/Developer/usr/lib/swift/host/plugins/libSwiftMacros.dylib\#/Applications/Xcode.app/Contents/Developer/Platforms/iPhoneOS.platform/Developer/usr/bin/swift-plugin-server\#SwiftMacros -load-resolved-plugin /Applications/Xcode.app/Contents/Developer/Platforms/iPhoneOS.platform/Developer/usr/lib/swift/host/plugins/libSwiftUIMacros.dylib\#/Applications/Xcode.app/Contents/Developer/Platforms/iPhoneOS.platform/Developer/usr/bin/swift-plugin-server\#SwiftUIMacros -load-resolved-plugin /Applications/Xcode.app/Contents/Developer/Platforms/iPhoneOS.platform/Developer/usr/lib/swift/host/plugins/libTipKitMacros.dylib\#/Applications/Xcode.app/Contents/Developer/Platforms/iPhoneOS.platform/Developer/usr/bin/swift-plugin-server\#TipKitMacros -disable-implicit-swift-modules -Xcc -fno-implicit-modules -Xcc -fno-implicit-module-maps -explicit-swift-module-map-file /Users/moqsb/Library/Developer/Xcode/DerivedData/SilentStore-dpxzqfcmjtjrknalviupavyqksnp/Build/Intermediates.noindex/SilentStore.build/Debug-iphoneos/SilentStore.build/Objects-normal/arm64/SilentStore-dependencies-1.json -Xllvm -aarch64-use-tbi -enable-objc-interop -stack-check -sdk /Applications/Xcode.app/Contents/Developer/Platforms/iPhoneOS.platform/Developer/SDKs/iPhoneOS26.2.sdk -I /Users/moqsb/Library/Developer/Xcode/DerivedData/SilentStore-dpxzqfcmjtjrknalviupavyqksnp/Build/Products/Debug-iphoneos -F /Users/moqsb/Library/Developer/Xcode/DerivedData/SilentStore-dpxzqfcmjtjrknalviupavyqksnp/Build/Products/Debug-iphoneos -no-color-diagnostics -Xcc -fno-color-diagnostics -enable-testing -g -debug-info-format\=dwarf -dwarf-version\=5 -module-cache-path /Users/moqsb/Library/Developer/Xcode/DerivedData/SilentStore-dpxzqfcmjtjrknalviupavyqksnp/Build/Intermediates.noindex/SwiftExplicitPrecompiledModules -swift-version 5 -enforce-exclusivity\=checked -Onone -D DEBUG -serialize-debugging-options -const-gather-protocols-file /Users/moqsb/Library/Developer/Xcode/DerivedData/SilentStore-dpxzqfcmjtjrknalviupavyqksnp/Build/Intermediates.noindex/SilentStore.build/Debug-iphoneos/SilentStore.build/Objects-normal/arm64/SilentStore_const_extract_protocols.json -enable-upcoming-feature DisableOutwardActorInference -enable-upcoming-feature InferSendableFromCaptures -enable-upcoming-feature GlobalActorIsolatedTypesUsability -enable-upcoming-feature MemberImportVisibility -enable-upcoming-feature InferIsolatedConformances -enable-upcoming-feature NonisolatedNonsendingByDefault -enable-experimental-feature DebugDescriptionMacro -enable-bare-slash-regex -default-isolation\=MainActor -empty-abi-descriptor -validate-clang-modules-once -clang-build-session-file /Users/moqsb/Library/Developer/Xcode/DerivedData/ModuleCache.noindex/Session.modulevalidation -Xcc -working-directory -Xcc /Users/moqsb/Desktop/SilentStore -enable-anonymous-context-mangled-names -file-compilation-dir /Users/moqsb/Desktop/SilentStore -Xcc -D_LIBCPP_HARDENING_MODE\=_LIBCPP_HARDENING_MODE_DEBUG -Xcc -ivfsstatcache -Xcc /Users/moqsb/Library/Developer/Xcode/DerivedData/SDKStatCaches.noindex/iphoneos26.2-23C53-3794476bd08197c3e2abd9bb477ef7f7.sdkstatcache -Xcc -I/Users/moqsb/Library/Developer/Xcode/DerivedData/SilentStore-dpxzqfcmjtjrknalviupavyqksnp/Build/Intermediates.noindex/SilentStore.build/Debug-iphoneos/SilentStore.build/swift-overrides.hmap -Xcc -iquote -Xcc /Users/moqsb/Library/Developer/Xcode/DerivedData/SilentStore-dpxzqfcmjtjrknalviupavyqksnp/Build/Intermediates.noindex/SilentStore.build/Debug-iphoneos/SilentStore.build/SilentStore-generated-files.hmap -Xcc -I/Users/moqsb/Library/Developer/Xcode/DerivedData/SilentStore-dpxzqfcmjtjrknalviupavyqksnp/Build/Intermediates.noindex/SilentStore.build/Debug-iphoneos/SilentStore.build/SilentStore-own-target-headers.hmap -Xcc -I/Users/moqsb/Library/Developer/Xcode/DerivedData/SilentStore-dpxzqfcmjtjrknalviupavyqksnp/Build/Intermediates.noindex/SilentStore.build/Debug-iphoneos/SilentStore.build/SilentStore-all-target-headers.hmap -Xcc -iquote -Xcc /Users/moqsb/Library/Developer/Xcode/DerivedData/SilentStore-dpxzqfcmjtjrknalviupavyqksnp/Build/Intermediates.noindex/SilentStore.build/Debug-iphoneos/SilentStore.build/SilentStore-project-headers.hmap -Xcc -I/Users/moqsb/Library/Developer/Xcode/DerivedData/SilentStore-dpxzqfcmjtjrknalviupavyqksnp/Build/Products/Debug-iphoneos/include -Xcc -I/Users/moqsb/Library/Developer/Xcode/DerivedData/SilentStore-dpxzqfcmjtjrknalviupavyqksnp/Build/Intermediates.noindex/SilentStore.build/Debug-iphoneos/SilentStore.build/DerivedSources-normal/arm64 -Xcc -I/Users/moqsb/Library/Developer/Xcode/DerivedData/SilentStore-dpxzqfcmjtjrknalviupavyqksnp/Build/Intermediates.noindex/SilentStore.build/Debug-iphoneos/SilentStore.build/DerivedSources/arm64 -Xcc -I/Users/moqsb/Library/Developer/Xcode/DerivedData/SilentStore-dpxzqfcmjtjrknalviupavyqksnp/Build/Intermediates.noindex/SilentStore.build/Debug-iphoneos/SilentStore.build/DerivedSources -Xcc -DDEBUG\=1 -no-auto-bridging-header-chaining -module-name SilentStore -frontend-parseable-output -disable-clang-spi -target-sdk-version 26.2 -target-sdk-name iphoneos26.2 -clang-target arm64-apple-ios26.2 -in-process-plugin-server-path /Applications/Xcode.app/Contents/Developer/Toolchains/XcodeDefault.xctoolchain/usr/lib/swift/host/libSwiftInProcPluginServer.dylib -o /Users/moqsb/Library/Developer/Xcode/DerivedData/SilentStore-dpxzqfcmjtjrknalviupavyqksnp/Build/Intermediates.noindex/SilentStore.build/Debug-iphoneos/SilentStore.build/Objects-normal/arm64/AddMenuView.o -o /Users/moqsb/Library/Developer/Xcode/DerivedData/SilentStore-dpxzqfcmjtjrknalviupavyqksnp/Build/Intermediates.noindex/SilentStore.build/Debug-iphoneos/SilentStore.build/Objects-normal/arm64/FileInfoSheet.o -o /Users/moqsb/Library/Developer/Xcode/DerivedData/SilentStore-dpxzqfcmjtjrknalviupavyqksnp/Build/Intermediates.noindex/SilentStore.build/Debug-iphoneos/SilentStore.build/Objects-normal/arm64/FileViewer.o -o /Users/moqsb/Library/Developer/Xcode/DerivedData/SilentStore-dpxzqfcmjtjrknalviupavyqksnp/Build/Intermediates.noindex/SilentStore.build/Debug-iphoneos/SilentStore.build/Objects-normal/arm64/MainTabView.o -o /Users/moqsb/Library/Developer/Xcode/DerivedData/SilentStore-dpxzqfcmjtjrknalviupavyqksnp/Build/Intermediates.noindex/SilentStore.build/Debug-iphoneos/SilentStore.build/Objects-normal/arm64/OnboardingView.o -index-unit-output-path /SilentStore.build/Debug-iphoneos/SilentStore.build/Objects-normal/arm64/AddMenuView.o -index-unit-output-path /SilentStore.build/Debug-iphoneos/SilentStore.build/Objects-normal/arm64/FileInfoSheet.o -index-unit-output-path /SilentStore.build/Debug-iphoneos/SilentStore.build/Objects-normal/arm64/FileViewer.o -index-unit-output-path /SilentStore.build/Debug-iphoneos/SilentStore.build/Objects-normal/arm64/MainTabView.o -index-unit-output-path /SilentStore.build/Debug-iphoneos/SilentStore.build/Objects-normal/arm64/OnboardingView.o -index-store-path /Users/moqsb/Library/Developer/Xcode/DerivedData/SilentStore-dpxzqfcmjtjrknalviupavyqksnp/Index.noindex/DataStore -index-system-modules

SwiftCompile normal arm64 /Users/moqsb/Desktop/SilentStore/SilentStore/Views/AddMenuView.swift (in target 'SilentStore' from project 'SilentStore')
    cd /Users/moqsb/Desktop/SilentStore
    

SwiftCompile normal arm64 /Users/moqsb/Desktop/SilentStore/SilentStore/Views/FileInfoSheet.swift (in target 'SilentStore' from project 'SilentStore')
    cd /Users/moqsb/Desktop/SilentStore
    

SwiftCompile normal arm64 /Users/moqsb/Desktop/SilentStore/SilentStore/Views/FileViewer.swift (in target 'SilentStore' from project 'SilentStore')
    cd /Users/moqsb/Desktop/SilentStore
    
/Users/moqsb/Desktop/SilentStore/SilentStore/Views/FileViewer.swift:265:51: warning: 'main' was deprecated in iOS 26.0: Use a UIScreen instance found through context instead (i.e, view.window.windowScene.screen), or for properties like UIScreen.scale with trait equivalents, use a traitCollection found through context.
                            dragOffset = UIScreen.main.bounds.height
                                                  ^
/Users/moqsb/Desktop/SilentStore/SilentStore/Views/FileViewer.swift:469:19: error: 'weak' may only be applied to class and class-bound protocol types, not 'FileViewer'
        ) { [weak self] time in
                  ^
/Users/moqsb/Desktop/SilentStore/SilentStore/Views/FileViewer.swift:469:19: warning: variable 'self' was never mutated; consider changing to 'let' constant
        ) { [weak self] time in
                  ^

SwiftCompile normal arm64 /Users/moqsb/Desktop/SilentStore/SilentStore/Views/MainTabView.swift (in target 'SilentStore' from project 'SilentStore')
    cd /Users/moqsb/Desktop/SilentStore
    

SwiftCompile normal arm64 /Users/moqsb/Desktop/SilentStore/SilentStore/Views/OnboardingView.swift (in target 'SilentStore' from project 'SilentStore')
    cd /Users/moqsb/Desktop/SilentStore
    

SwiftCompile normal arm64 Compiling\ VaultModels.swift,\ VaultStore.swift,\ AppTheme.swift,\ Crypto.swift,\ HapticFeedback.swift /Users/moqsb/Desktop/SilentStore/SilentStore/Data/VaultModels.swift /Users/moqsb/Desktop/SilentStore/SilentStore/Data/VaultStore.swift /Users/moqsb/Desktop/SilentStore/SilentStore/Helpers/AppTheme.swift /Users/moqsb/Desktop/SilentStore/SilentStore/Helpers/Crypto.swift /Users/moqsb/Desktop/SilentStore/SilentStore/Helpers/HapticFeedback.swift (in target 'SilentStore' from project 'SilentStore')

SwiftCompile normal arm64 /Users/moqsb/Desktop/SilentStore/SilentStore/Data/VaultModels.swift (in target 'SilentStore' from project 'SilentStore')
    cd /Users/moqsb/Desktop/SilentStore
    

SwiftCompile normal arm64 /Users/moqsb/Desktop/SilentStore/SilentStore/Data/VaultStore.swift (in target 'SilentStore' from project 'SilentStore')
    cd /Users/moqsb/Desktop/SilentStore
    

SwiftCompile normal arm64 /Users/moqsb/Desktop/SilentStore/SilentStore/Helpers/AppTheme.swift (in target 'SilentStore' from project 'SilentStore')
    cd /Users/moqsb/Desktop/SilentStore
    

SwiftCompile normal arm64 /Users/moqsb/Desktop/SilentStore/SilentStore/Helpers/Crypto.swift (in target 'SilentStore' from project 'SilentStore')
    cd /Users/moqsb/Desktop/SilentStore
    

SwiftCompile normal arm64 /Users/moqsb/Desktop/SilentStore/SilentStore/Helpers/HapticFeedback.swift (in target 'SilentStore' from project 'SilentStore')
    cd /Users/moqsb/Desktop/SilentStore
    

SwiftCompile normal arm64 Compiling\ PasscodeEntryView.swift,\ PermissionsView.swift,\ PrivacyView.swift,\ RecentsView.swift /Users/moqsb/Desktop/SilentStore/SilentStore/Views/PasscodeEntryView.swift /Users/moqsb/Desktop/SilentStore/SilentStore/Views/PermissionsView.swift /Users/moqsb/Desktop/SilentStore/SilentStore/Views/PrivacyView.swift /Users/moqsb/Desktop/SilentStore/SilentStore/Views/RecentsView.swift (in target 'SilentStore' from project 'SilentStore')

SwiftCompile normal arm64 /Users/moqsb/Desktop/SilentStore/SilentStore/Views/PasscodeEntryView.swift (in target 'SilentStore' from project 'SilentStore')
    cd /Users/moqsb/Desktop/SilentStore
    

SwiftCompile normal arm64 /Users/moqsb/Desktop/SilentStore/SilentStore/Views/PermissionsView.swift (in target 'SilentStore' from project 'SilentStore')
    cd /Users/moqsb/Desktop/SilentStore
    

SwiftCompile normal arm64 /Users/moqsb/Desktop/SilentStore/SilentStore/Views/PrivacyView.swift (in target 'SilentStore' from project 'SilentStore')
    cd /Users/moqsb/Desktop/SilentStore
    

SwiftCompile normal arm64 /Users/moqsb/Desktop/SilentStore/SilentStore/Views/RecentsView.swift (in target 'SilentStore' from project 'SilentStore')
    cd /Users/moqsb/Desktop/SilentStore
    

SwiftCompile normal arm64 Compiling\ KeychainHelper.swift,\ KeyManager.swift,\ PickerSheets.swift,\ SecureEnclaveHelper.swift,\ ShareSheet.swift /Users/moqsb/Desktop/SilentStore/SilentStore/Helpers/KeychainHelper.swift /Users/moqsb/Desktop/SilentStore/SilentStore/Helpers/KeyManager.swift /Users/moqsb/Desktop/SilentStore/SilentStore/Helpers/PickerSheets.swift /Users/moqsb/Desktop/SilentStore/SilentStore/Helpers/SecureEnclaveHelper.swift /Users/moqsb/Desktop/SilentStore/SilentStore/Helpers/ShareSheet.swift (in target 'SilentStore' from project 'SilentStore')

SwiftCompile normal arm64 /Users/moqsb/Desktop/SilentStore/SilentStore/Helpers/KeychainHelper.swift (in target 'SilentStore' from project 'SilentStore')
    cd /Users/moqsb/Desktop/SilentStore
    

SwiftCompile normal arm64 /Users/moqsb/Desktop/SilentStore/SilentStore/Helpers/KeyManager.swift (in target 'SilentStore' from project 'SilentStore')
    cd /Users/moqsb/Desktop/SilentStore
    

SwiftCompile normal arm64 /Users/moqsb/Desktop/SilentStore/SilentStore/Helpers/PickerSheets.swift (in target 'SilentStore' from project 'SilentStore')
    cd /Users/moqsb/Desktop/SilentStore
    

SwiftCompile normal arm64 /Users/moqsb/Desktop/SilentStore/SilentStore/Helpers/SecureEnclaveHelper.swift (in target 'SilentStore' from project 'SilentStore')
    cd /Users/moqsb/Desktop/SilentStore
    

SwiftCompile normal arm64 /Users/moqsb/Desktop/SilentStore/SilentStore/Helpers/ShareSheet.swift (in target 'SilentStore' from project 'SilentStore')
    cd /Users/moqsb/Desktop/SilentStore
    

SwiftCompile normal arm64 Compiling\ AuthManager.swift,\ CoreMLManager.swift,\ ImportManager.swift,\ PermissionsManager.swift,\ ReminderManager.swift /Users/moqsb/Desktop/SilentStore/SilentStore/Managers/AuthManager.swift /Users/moqsb/Desktop/SilentStore/SilentStore/Managers/CoreMLManager.swift /Users/moqsb/Desktop/SilentStore/SilentStore/Managers/ImportManager.swift /Users/moqsb/Desktop/SilentStore/SilentStore/Managers/PermissionsManager.swift /Users/moqsb/Desktop/SilentStore/SilentStore/Managers/ReminderManager.swift (in target 'SilentStore' from project 'SilentStore')

SwiftCompile normal arm64 /Users/moqsb/Desktop/SilentStore/SilentStore/Managers/AuthManager.swift (in target 'SilentStore' from project 'SilentStore')
    cd /Users/moqsb/Desktop/SilentStore
    

SwiftCompile normal arm64 /Users/moqsb/Desktop/SilentStore/SilentStore/Managers/CoreMLManager.swift (in target 'SilentStore' from project 'SilentStore')
    cd /Users/moqsb/Desktop/SilentStore
    

SwiftCompile normal arm64 /Users/moqsb/Desktop/SilentStore/SilentStore/Managers/ImportManager.swift (in target 'SilentStore' from project 'SilentStore')
    cd /Users/moqsb/Desktop/SilentStore
    

SwiftCompile normal arm64 /Users/moqsb/Desktop/SilentStore/SilentStore/Managers/PermissionsManager.swift (in target 'SilentStore' from project 'SilentStore')
    cd /Users/moqsb/Desktop/SilentStore
    

SwiftCompile normal arm64 /Users/moqsb/Desktop/SilentStore/SilentStore/Managers/ReminderManager.swift (in target 'SilentStore' from project 'SilentStore')
    cd /Users/moqsb/Desktop/SilentStore
    

SwiftCompile normal arm64 Compiling\ ZoomableImageView.swift,\ ContentView.swift,\ Persistence.swift,\ SilentStoreApp.swift /Users/moqsb/Desktop/SilentStore/SilentStore/Views/ZoomableImageView.swift /Users/moqsb/Desktop/SilentStore/SilentStore/ContentView.swift /Users/moqsb/Desktop/SilentStore/SilentStore/Persistence.swift /Users/moqsb/Desktop/SilentStore/SilentStore/SilentStoreApp.swift (in target 'SilentStore' from project 'SilentStore')

SwiftCompile normal arm64 /Users/moqsb/Desktop/SilentStore/SilentStore/Views/ZoomableImageView.swift (in target 'SilentStore' from project 'SilentStore')
    cd /Users/moqsb/Desktop/SilentStore
    

SwiftCompile normal arm64 /Users/moqsb/Desktop/SilentStore/SilentStore/ContentView.swift (in target 'SilentStore' from project 'SilentStore')
    cd /Users/moqsb/Desktop/SilentStore
    

SwiftCompile normal arm64 /Users/moqsb/Desktop/SilentStore/SilentStore/Persistence.swift (in target 'SilentStore' from project 'SilentStore')
    cd /Users/moqsb/Desktop/SilentStore
    

SwiftCompile normal arm64 /Users/moqsb/Desktop/SilentStore/SilentStore/SilentStoreApp.swift (in target 'SilentStore' from project 'SilentStore')
    cd /Users/moqsb/Desktop/SilentStore
    

SwiftEmitModule normal arm64 Emitting\ module\ for\ SilentStore (in target 'SilentStore' from project 'SilentStore')

EmitSwiftModule normal arm64 (in target 'SilentStore' from project 'SilentStore')
    cd /Users/moqsb/Desktop/SilentStore
    

SwiftCompile normal arm64 Compiling\ VaultEntity+CoreDataClass.swift,\ VaultEntity+CoreDataProperties.swift,\ SilentStore+CoreDataModel.swift,\ GeneratedAssetSymbols.swift /Users/moqsb/Library/Developer/Xcode/DerivedData/SilentStore-dpxzqfcmjtjrknalviupavyqksnp/Build/Intermediates.noindex/SilentStore.build/Debug-iphoneos/SilentStore.build/DerivedSources/CoreDataGenerated/SilentStore/VaultEntity+CoreDataClass.swift /Users/moqsb/Library/Developer/Xcode/DerivedData/SilentStore-dpxzqfcmjtjrknalviupavyqksnp/Build/Intermediates.noindex/SilentStore.build/Debug-iphoneos/SilentStore.build/DerivedSources/CoreDataGenerated/SilentStore/VaultEntity+CoreDataProperties.swift /Users/moqsb/Library/Developer/Xcode/DerivedData/SilentStore-dpxzqfcmjtjrknalviupavyqksnp/Build/Intermediates.noindex/SilentStore.build/Debug-iphoneos/SilentStore.build/DerivedSources/CoreDataGenerated/SilentStore/SilentStore+CoreDataModel.swift /Users/moqsb/Library/Developer/Xcode/DerivedData/SilentStore-dpxzqfcmjtjrknalviupavyqksnp/Build/Intermediates.noindex/SilentStore.build/Debug-iphoneos/SilentStore.build/DerivedSources/GeneratedAssetSymbols.swift (in target 'SilentStore' from project 'SilentStore')

SwiftCompile normal arm64 /Users/moqsb/Library/Developer/Xcode/DerivedData/SilentStore-dpxzqfcmjtjrknalviupavyqksnp/Build/Intermediates.noindex/SilentStore.build/Debug-iphoneos/SilentStore.build/DerivedSources/CoreDataGenerated/SilentStore/VaultEntity+CoreDataClass.swift (in target 'SilentStore' from project 'SilentStore')
    cd /Users/moqsb/Desktop/SilentStore
    

SwiftCompile normal arm64 /Users/moqsb/Library/Developer/Xcode/DerivedData/SilentStore-dpxzqfcmjtjrknalviupavyqksnp/Build/Intermediates.noindex/SilentStore.build/Debug-iphoneos/SilentStore.build/DerivedSources/CoreDataGenerated/SilentStore/VaultEntity+CoreDataProperties.swift (in target 'SilentStore' from project 'SilentStore')
    cd /Users/moqsb/Desktop/SilentStore
    

SwiftCompile normal arm64 /Users/moqsb/Library/Developer/Xcode/DerivedData/SilentStore-dpxzqfcmjtjrknalviupavyqksnp/Build/Intermediates.noindex/SilentStore.build/Debug-iphoneos/SilentStore.build/DerivedSources/CoreDataGenerated/SilentStore/SilentStore+CoreDataModel.swift (in target 'SilentStore' from project 'SilentStore')
    cd /Users/moqsb/Desktop/SilentStore
    

SwiftCompile normal arm64 /Users/moqsb/Library/Developer/Xcode/DerivedData/SilentStore-dpxzqfcmjtjrknalviupavyqksnp/Build/Intermediates.noindex/SilentStore.build/Debug-iphoneos/SilentStore.build/DerivedSources/GeneratedAssetSymbols.swift (in target 'SilentStore' from project 'SilentStore')
    cd /Users/moqsb/Desktop/SilentStore
    

SwiftDriverJobDiscovery normal arm64 Compiling AuthManager.swift, CoreMLManager.swift, ImportManager.swift, PermissionsManager.swift, ReminderManager.swift (in target 'SilentStore' from project 'SilentStore')

SwiftCompile normal arm64 Compiling\ SettingsView.swift,\ StorageDashboard.swift,\ VaultHomeView.swift,\ VaultThumbnailView.swift /Users/moqsb/Desktop/SilentStore/SilentStore/Views/SettingsView.swift /Users/moqsb/Desktop/SilentStore/SilentStore/Views/StorageDashboard.swift /Users/moqsb/Desktop/SilentStore/SilentStore/Views/VaultHomeView.swift /Users/moqsb/Desktop/SilentStore/SilentStore/Views/VaultThumbnailView.swift (in target 'SilentStore' from project 'SilentStore')
SwiftCompile normal arm64 /Users/moqsb/Desktop/SilentStore/SilentStore/Views/SettingsView.swift (in target 'SilentStore' from project 'SilentStore')
    cd /Users/moqsb/Desktop/SilentStore
    

SwiftCompile normal arm64 /Users/moqsb/Desktop/SilentStore/SilentStore/Views/StorageDashboard.swift (in target 'SilentStore' from project 'SilentStore')
    cd /Users/moqsb/Desktop/SilentStore
    

SwiftCompile normal arm64 /Users/moqsb/Desktop/SilentStore/SilentStore/Views/VaultHomeView.swift (in target 'SilentStore' from project 'SilentStore')
    cd /Users/moqsb/Desktop/SilentStore
    

SwiftCompile normal arm64 /Users/moqsb/Desktop/SilentStore/SilentStore/Views/VaultThumbnailView.swift (in target 'SilentStore' from project 'SilentStore')
    cd /Users/moqsb/Desktop/SilentStore
    

SwiftDriverJobDiscovery normal arm64 Emitting module for SilentStore (in target 'SilentStore' from project 'SilentStore')

SwiftDriverJobDiscovery normal arm64 Compiling KeychainHelper.swift, KeyManager.swift, PickerSheets.swift, SecureEnclaveHelper.swift, ShareSheet.swift (in target 'SilentStore' from project 'SilentStore')

SwiftDriver\ Compilation\ Requirements SilentStore normal arm64 com.apple.xcode.tools.swift.compiler (in target 'SilentStore' from project 'SilentStore')
    cd /Users/moqsb/Desktop/SilentStore
    builtin-Swift-Compilation-Requirements -- /Applications/Xcode.app/Contents/Developer/Toolchains/XcodeDefault.xctoolchain/usr/bin/swiftc -module-name SilentStore -Onone -enforce-exclusivity\=checked @/Users/moqsb/Library/Developer/Xcode/DerivedData/SilentStore-dpxzqfcmjtjrknalviupavyqksnp/Build/Intermediates.noindex/SilentStore.build/Debug-iphoneos/SilentStore.build/Objects-normal/arm64/SilentStore.SwiftFileList -DDEBUG -default-isolation\=MainActor -enable-bare-slash-regex -enable-upcoming-feature DisableOutwardActorInference -enable-upcoming-feature InferSendableFromCaptures -enable-upcoming-feature GlobalActorIsolatedTypesUsability -enable-upcoming-feature MemberImportVisibility -enable-upcoming-feature InferIsolatedConformances -enable-upcoming-feature NonisolatedNonsendingByDefault -enable-experimental-feature DebugDescriptionMacro -sdk /Applications/Xcode.app/Contents/Developer/Platforms/iPhoneOS.platform/Developer/SDKs/iPhoneOS26.2.sdk -target arm64-apple-ios26.2 -g -module-cache-path /Users/moqsb/Library/Developer/Xcode/DerivedData/ModuleCache.noindex -Xfrontend -serialize-debugging-options -enable-testing -index-store-path /Users/moqsb/Library/Developer/Xcode/DerivedData/SilentStore-dpxzqfcmjtjrknalviupavyqksnp/Index.noindex/DataStore -Xcc -D_LIBCPP_HARDENING_MODE\=_LIBCPP_HARDENING_MODE_DEBUG -swift-version 5 -I /Users/moqsb/Library/Developer/Xcode/DerivedData/SilentStore-dpxzqfcmjtjrknalviupavyqksnp/Build/Products/Debug-iphoneos -F /Users/moqsb/Library/Developer/Xcode/DerivedData/SilentStore-dpxzqfcmjtjrknalviupavyqksnp/Build/Products/Debug-iphoneos -emit-localized-strings -emit-localized-strings-path /Users/moqsb/Library/Developer/Xcode/DerivedData/SilentStore-dpxzqfcmjtjrknalviupavyqksnp/Build/Intermediates.noindex/SilentStore.build/Debug-iphoneos/SilentStore.build/Objects-normal/arm64 -c -j8 -enable-batch-mode -incremental -Xcc -ivfsstatcache -Xcc /Users/moqsb/Library/Developer/Xcode/DerivedData/SDKStatCaches.noindex/iphoneos26.2-23C53-3794476bd08197c3e2abd9bb477ef7f7.sdkstatcache -output-file-map /Users/moqsb/Library/Developer/Xcode/DerivedData/SilentStore-dpxzqfcmjtjrknalviupavyqksnp/Build/Intermediates.noindex/SilentStore.build/Debug-iphoneos/SilentStore.build/Objects-normal/arm64/SilentStore-OutputFileMap.json -use-frontend-parseable-output -save-temps -no-color-diagnostics -explicit-module-build -module-cache-path /Users/moqsb/Library/Developer/Xcode/DerivedData/SilentStore-dpxzqfcmjtjrknalviupavyqksnp/Build/Intermediates.noindex/SwiftExplicitPrecompiledModules -clang-scanner-module-cache-path /Users/moqsb/Library/Developer/Xcode/DerivedData/ModuleCache.noindex -sdk-module-cache-path /Users/moqsb/Library/Developer/Xcode/DerivedData/ModuleCache.noindex -serialize-diagnostics -emit-dependencies -emit-module -emit-module-path /Users/moqsb/Library/Developer/Xcode/DerivedData/SilentStore-dpxzqfcmjtjrknalviupavyqksnp/Build/Intermediates.noindex/SilentStore.build/Debug-iphoneos/SilentStore.build/Objects-normal/arm64/SilentStore.swiftmodule -validate-clang-modules-once -clang-build-session-file /Users/moqsb/Library/Developer/Xcode/DerivedData/ModuleCache.noindex/Session.modulevalidation -Xcc -I/Users/moqsb/Library/Developer/Xcode/DerivedData/SilentStore-dpxzqfcmjtjrknalviupavyqksnp/Build/Intermediates.noindex/SilentStore.build/Debug-iphoneos/SilentStore.build/swift-overrides.hmap -emit-const-values -Xfrontend -const-gather-protocols-file -Xfrontend /Users/moqsb/Library/Developer/Xcode/DerivedData/SilentStore-dpxzqfcmjtjrknalviupavyqksnp/Build/Intermediates.noindex/SilentStore.build/Debug-iphoneos/SilentStore.build/Objects-normal/arm64/SilentStore_const_extract_protocols.json -Xcc -iquote -Xcc /Users/moqsb/Library/Developer/Xcode/DerivedData/SilentStore-dpxzqfcmjtjrknalviupavyqksnp/Build/Intermediates.noindex/SilentStore.build/Debug-iphoneos/SilentStore.build/SilentStore-generated-files.hmap -Xcc -I/Users/moqsb/Library/Developer/Xcode/DerivedData/SilentStore-dpxzqfcmjtjrknalviupavyqksnp/Build/Intermediates.noindex/SilentStore.build/Debug-iphoneos/SilentStore.build/SilentStore-own-target-headers.hmap -Xcc -I/Users/moqsb/Library/Developer/Xcode/DerivedData/SilentStore-dpxzqfcmjtjrknalviupavyqksnp/Build/Intermediates.noindex/SilentStore.build/Debug-iphoneos/SilentStore.build/SilentStore-all-target-headers.hmap -Xcc -iquote -Xcc /Users/moqsb/Library/Developer/Xcode/DerivedData/SilentStore-dpxzqfcmjtjrknalviupavyqksnp/Build/Intermediates.noindex/SilentStore.build/Debug-iphoneos/SilentStore.build/SilentStore-project-headers.hmap -Xcc -I/Users/moqsb/Library/Developer/Xcode/DerivedData/SilentStore-dpxzqfcmjtjrknalviupavyqksnp/Build/Products/Debug-iphoneos/include -Xcc -I/Users/moqsb/Library/Developer/Xcode/DerivedData/SilentStore-dpxzqfcmjtjrknalviupavyqksnp/Build/Intermediates.noindex/SilentStore.build/Debug-iphoneos/SilentStore.build/DerivedSources-normal/arm64 -Xcc -I/Users/moqsb/Library/Developer/Xcode/DerivedData/SilentStore-dpxzqfcmjtjrknalviupavyqksnp/Build/Intermediates.noindex/SilentStore.build/Debug-iphoneos/SilentStore.build/DerivedSources/arm64 -Xcc -I/Users/moqsb/Library/Developer/Xcode/DerivedData/SilentStore-dpxzqfcmjtjrknalviupavyqksnp/Build/Intermediates.noindex/SilentStore.build/Debug-iphoneos/SilentStore.build/DerivedSources -Xcc -DDEBUG\=1 -emit-objc-header -emit-objc-header-path /Users/moqsb/Library/Developer/Xcode/DerivedData/SilentStore-dpxzqfcmjtjrknalviupavyqksnp/Build/Intermediates.noindex/SilentStore.build/Debug-iphoneos/SilentStore.build/Objects-normal/arm64/SilentStore-Swift.h -working-directory /Users/moqsb/Desktop/SilentStore -experimental-emit-module-separately -disable-cmo

SwiftMergeGeneratedHeaders /Users/moqsb/Library/Developer/Xcode/DerivedData/SilentStore-dpxzqfcmjtjrknalviupavyqksnp/Build/Intermediates.noindex/SilentStore.build/Debug-iphoneos/SilentStore.build/DerivedSources/SilentStore-Swift.h /Users/moqsb/Library/Developer/Xcode/DerivedData/SilentStore-dpxzqfcmjtjrknalviupavyqksnp/Build/Intermediates.noindex/SilentStore.build/Debug-iphoneos/SilentStore.build/Objects-normal/arm64/SilentStore-Swift.h (in target 'SilentStore' from project 'SilentStore')
    cd /Users/moqsb/Desktop/SilentStore
    builtin-swiftHeaderTool -arch arm64 /Users/moqsb/Library/Developer/Xcode/DerivedData/SilentStore-dpxzqfcmjtjrknalviupavyqksnp/Build/Intermediates.noindex/SilentStore.build/Debug-iphoneos/SilentStore.build/Objects-normal/arm64/SilentStore-Swift.h -o /Users/moqsb/Library/Developer/Xcode/DerivedData/SilentStore-dpxzqfcmjtjrknalviupavyqksnp/Build/Intermediates.noindex/SilentStore.build/Debug-iphoneos/SilentStore.build/DerivedSources/SilentStore-Swift.h

Copy /Users/moqsb/Library/Developer/Xcode/DerivedData/SilentStore-dpxzqfcmjtjrknalviupavyqksnp/Build/Products/Debug-iphoneos/SilentStore.swiftmodule/arm64-apple-ios.swiftmodule /Users/moqsb/Library/Developer/Xcode/DerivedData/SilentStore-dpxzqfcmjtjrknalviupavyqksnp/Build/Intermediates.noindex/SilentStore.build/Debug-iphoneos/SilentStore.build/Objects-normal/arm64/SilentStore.swiftmodule (in target 'SilentStore' from project 'SilentStore')
    cd /Users/moqsb/Desktop/SilentStore
    builtin-copy -exclude .DS_Store -exclude CVS -exclude .svn -exclude .git -exclude .hg -resolve-src-symlinks -rename /Users/moqsb/Library/Developer/Xcode/DerivedData/SilentStore-dpxzqfcmjtjrknalviupavyqksnp/Build/Intermediates.noindex/SilentStore.build/Debug-iphoneos/SilentStore.build/Objects-normal/arm64/SilentStore.swiftmodule /Users/moqsb/Library/Developer/Xcode/DerivedData/SilentStore-dpxzqfcmjtjrknalviupavyqksnp/Build/Products/Debug-iphoneos/SilentStore.swiftmodule/arm64-apple-ios.swiftmodule

Copy /Users/moqsb/Library/Developer/Xcode/DerivedData/SilentStore-dpxzqfcmjtjrknalviupavyqksnp/Build/Products/Debug-iphoneos/SilentStore.swiftmodule/arm64-apple-ios.swiftdoc /Users/moqsb/Library/Developer/Xcode/DerivedData/SilentStore-dpxzqfcmjtjrknalviupavyqksnp/Build/Intermediates.noindex/SilentStore.build/Debug-iphoneos/SilentStore.build/Objects-normal/arm64/SilentStore.swiftdoc (in target 'SilentStore' from project 'SilentStore')
    cd /Users/moqsb/Desktop/SilentStore
    builtin-copy -exclude .DS_Store -exclude CVS -exclude .svn -exclude .git -exclude .hg -resolve-src-symlinks -rename /Users/moqsb/Library/Developer/Xcode/DerivedData/SilentStore-dpxzqfcmjtjrknalviupavyqksnp/Build/Intermediates.noindex/SilentStore.build/Debug-iphoneos/SilentStore.build/Objects-normal/arm64/SilentStore.swiftdoc /Users/moqsb/Library/Developer/Xcode/DerivedData/SilentStore-dpxzqfcmjtjrknalviupavyqksnp/Build/Products/Debug-iphoneos/SilentStore.swiftmodule/arm64-apple-ios.swiftdoc

Copy /Users/moqsb/Library/Developer/Xcode/DerivedData/SilentStore-dpxzqfcmjtjrknalviupavyqksnp/Build/Products/Debug-iphoneos/SilentStore.swiftmodule/arm64-apple-ios.abi.json /Users/moqsb/Library/Developer/Xcode/DerivedData/SilentStore-dpxzqfcmjtjrknalviupavyqksnp/Build/Intermediates.noindex/SilentStore.build/Debug-iphoneos/SilentStore.build/Objects-normal/arm64/SilentStore.abi.json (in target 'SilentStore' from project 'SilentStore')
    cd /Users/moqsb/Desktop/SilentStore
    builtin-copy -exclude .DS_Store -exclude CVS -exclude .svn -exclude .git -exclude .hg -resolve-src-symlinks -rename /Users/moqsb/Library/Developer/Xcode/DerivedData/SilentStore-dpxzqfcmjtjrknalviupavyqksnp/Build/Intermediates.noindex/SilentStore.build/Debug-iphoneos/SilentStore.build/Objects-normal/arm64/SilentStore.abi.json /Users/moqsb/Library/Developer/Xcode/DerivedData/SilentStore-dpxzqfcmjtjrknalviupavyqksnp/Build/Products/Debug-iphoneos/SilentStore.swiftmodule/arm64-apple-ios.abi.json

Copy /Users/moqsb/Library/Developer/Xcode/DerivedData/SilentStore-dpxzqfcmjtjrknalviupavyqksnp/Build/Products/Debug-iphoneos/SilentStore.swiftmodule/Project/arm64-apple-ios.swiftsourceinfo /Users/moqsb/Library/Developer/Xcode/DerivedData/SilentStore-dpxzqfcmjtjrknalviupavyqksnp/Build/Intermediates.noindex/SilentStore.build/Debug-iphoneos/SilentStore.build/Objects-normal/arm64/SilentStore.swiftsourceinfo (in target 'SilentStore' from project 'SilentStore')
    cd /Users/moqsb/Desktop/SilentStore
    builtin-copy -exclude .DS_Store -exclude CVS -exclude .svn -exclude .git -exclude .hg -resolve-src-symlinks -rename /Users/moqsb/Library/Developer/Xcode/DerivedData/SilentStore-dpxzqfcmjtjrknalviupavyqksnp/Build/Intermediates.noindex/SilentStore.build/Debug-iphoneos/SilentStore.build/Objects-normal/arm64/SilentStore.swiftsourceinfo /Users/moqsb/Library/Developer/Xcode/DerivedData/SilentStore-dpxzqfcmjtjrknalviupavyqksnp/Build/Products/Debug-iphoneos/SilentStore.swiftmodule/Project/arm64-apple-ios.swiftsourceinfo

SwiftDriverJobDiscovery normal arm64 Compiling ZoomableImageView.swift, ContentView.swift, Persistence.swift, SilentStoreApp.swift (in target 'SilentStore' from project 'SilentStore')

SwiftDriverJobDiscovery normal arm64 Compiling VaultEntity+CoreDataClass.swift, VaultEntity+CoreDataProperties.swift, SilentStore+CoreDataModel.swift, GeneratedAssetSymbols.swift (in target 'SilentStore' from project 'SilentStore')

SwiftDriverJobDiscovery normal arm64 Compiling PasscodeEntryView.swift, PermissionsView.swift, PrivacyView.swift, RecentsView.swift (in target 'SilentStore' from project 'SilentStore')

SwiftDriverJobDiscovery normal arm64 Compiling VaultModels.swift, VaultStore.swift, AppTheme.swift, Crypto.swift, HapticFeedback.swift (in target 'SilentStore' from project 'SilentStore')

** BUILD FAILED **


The following build commands failed:
	SwiftCompile normal arm64 Compiling\ AddMenuView.swift,\ FileInfoSheet.swift,\ FileViewer.swift,\ MainTabView.swift,\ OnboardingView.swift /Users/moqsb/Desktop/SilentStore/SilentStore/Views/AddMenuView.swift /Users/moqsb/Desktop/SilentStore/SilentStore/Views/FileInfoSheet.swift /Users/moqsb/Desktop/SilentStore/SilentStore/Views/FileViewer.swift /Users/moqsb/Desktop/SilentStore/SilentStore/Views/MainTabView.swift /Users/moqsb/Desktop/SilentStore/SilentStore/Views/OnboardingView.swift (in target 'SilentStore' from project 'SilentStore')
	SwiftCompile normal arm64 /Users/moqsb/Desktop/SilentStore/SilentStore/Views/FileViewer.swift (in target 'SilentStore' from project 'SilentStore')
	Building project SilentStore with scheme SilentStore
(3 failures)
